[Android_Pixel_8_API_35 INFO ] 2025-01-30 00:23:36.752 ServerManager:46 - starting appium server
[Android_Pixel_8_API_35 INFO ] 2025-01-30 00:23:41.417 ServerManager:57 - Appium server started
[Android_Pixel_8_API_35 INFO ] 2025-01-30 00:23:46.437 DriverManager:48 - Initializing appium driver
[Android_Pixel_8_API_35 INFO ] 2025-01-30 00:23:46.461 PropertyManager:26 - loading config properties
[Android_Pixel_8_API_35 INFO ] 2025-01-30 00:23:46.463 CapabilitiesManager:45 - APPIUM URL: http://0.0.0.0:4723
[Android_Pixel_8_API_35 INFO ] 2025-01-30 00:23:46.463 CapabilitiesManager:51 - getting capabilities
[Android_Pixel_8_API_35 INFO ] 2025-01-30 00:23:46.488 CapabilitiesManager:74 - App Url is C:\Users\shawo\MobileAutomation\AppiumCucumberFramework\src\test\resources\app\Android.SauceLabs.Mobile.Sample.app.2.7.1.apk
[Android_Pixel_8_API_35 FATAL] 2025-01-30 00:23:46.893 CapabilitiesManager:110 - Failed to load capabilities. ABORT!!org.openqa.selenium.SessionNotCreatedException: Could not start a new session. Possible causes are invalid address of the remote server or browser start-up failure. 
Host info: host: 'SHAWON', ip: '192.168.0.231'
Build info: version: '4.28.1', revision: '73f5ad48a2'
System info: os.name: 'Windows 11', os.arch: 'amd64', os.version: '10.0', java.version: '21.0.5'
Driver info: io.appium.java_client.android.AndroidDriver
Command: [null, newSession {capabilities=[Capabilities {appium:app: C:\Users\shawo\MobileAutoma..., appium:appActivity: com.swaglabsmobileapp.Splas..., appium:appPackage: com.swaglabsmobileapp, appium:automationName: UiAutomator2, appium:avd: Pixel_8_API_35, appium:avdLaunchTimeout: 260000, appium:chromedriverPort: 11000, appium:deviceName: Pixel_8_API_35, appium:newCommandTimeout: 260, appium:systemPort: 10000, appium:udid: emulator-5554, platformName: ANDROID}]}]
Capabilities {appium:app: C:\Users\shawo\MobileAutoma..., appium:appActivity: com.swaglabsmobileapp.Splas..., appium:appPackage: com.swaglabsmobileapp, appium:automationName: UiAutomator2, appium:avd: Pixel_8_API_35, appium:avdLaunchTimeout: 260000, appium:chromedriverPort: 11000, appium:deviceName: Pixel_8_API_35, appium:newCommandTimeout: 260, appium:systemPort: 10000, appium:udid: emulator-5554, platformName: ANDROID}
[Android_Pixel_8_API_35 INFO ] 2025-01-30 00:35:44.258 ServerManager:46 - starting appium server
[Android_Pixel_8_API_35 INFO ] 2025-01-30 00:35:48.866 ServerManager:57 - Appium server started
[Android_Pixel_8_API_35 INFO ] 2025-01-30 00:35:53.870 DriverManager:48 - Initializing appium driver
[Android_Pixel_8_API_35 INFO ] 2025-01-30 00:35:53.889 PropertyManager:26 - loading config properties
[Android_Pixel_8_API_35 INFO ] 2025-01-30 00:35:53.891 CapabilitiesManager:45 - APPIUM URL: http://0.0.0.0:4723
[Android_Pixel_8_API_35 INFO ] 2025-01-30 00:35:53.891 CapabilitiesManager:51 - getting capabilities
[Android_Pixel_8_API_35 INFO ] 2025-01-30 00:35:53.918 CapabilitiesManager:74 - App Url is C:\Users\shawo\MobileAutomation\AppiumCucumberFramework\src\test\resources\app\Android.SauceLabs.Mobile.Sample.app.2.7.1.apk
[Android_Pixel_8_API_35 FATAL] 2025-01-30 00:35:54.299 CapabilitiesManager:110 - Failed to load capabilities. ABORT!!org.openqa.selenium.SessionNotCreatedException: Could not start a new session. Possible causes are invalid address of the remote server or browser start-up failure. 
Host info: host: 'SHAWON', ip: '192.168.0.231'
Build info: version: '4.28.1', revision: '73f5ad48a2'
System info: os.name: 'Windows 11', os.arch: 'amd64', os.version: '10.0', java.version: '21.0.5'
Driver info: io.appium.java_client.android.AndroidDriver
Command: [null, newSession {capabilities=[Capabilities {appium:app: C:\Users\shawo\MobileAutoma..., appium:appActivity: com.swaglabsmobileapp.Splas..., appium:appPackage: com.swaglabsmobileapp, appium:automationName: UiAutomator2, appium:avd: Pixel_8_API_35, appium:avdLaunchTimeout: 260000, appium:chromedriverPort: 11000, appium:deviceName: Pixel_8_API_35, appium:newCommandTimeout: 260, appium:systemPort: 10000, appium:udid: emulator-5554, platformName: ANDROID}]}]
Capabilities {appium:app: C:\Users\shawo\MobileAutoma..., appium:appActivity: com.swaglabsmobileapp.Splas..., appium:appPackage: com.swaglabsmobileapp, appium:automationName: UiAutomator2, appium:avd: Pixel_8_API_35, appium:avdLaunchTimeout: 260000, appium:chromedriverPort: 11000, appium:deviceName: Pixel_8_API_35, appium:newCommandTimeout: 260, appium:systemPort: 10000, appium:udid: emulator-5554, platformName: ANDROID}
[Android_Pixel_8_API_35 INFO ] 2025-01-30 00:36:50.581 ServerManager:20 - starting appium server
[Android_Pixel_8_API_35 INFO ] 2025-01-30 00:36:54.106 ServerManager:29 - Appium server started
[Android_Pixel_8_API_35 INFO ] 2025-01-30 00:36:59.110 DriverManager:48 - Initializing appium driver
[Android_Pixel_8_API_35 INFO ] 2025-01-30 00:36:59.134 PropertyManager:26 - loading config properties
[Android_Pixel_8_API_35 INFO ] 2025-01-30 00:36:59.135 CapabilitiesManager:45 - APPIUM URL: http://0.0.0.0:4723
[Android_Pixel_8_API_35 INFO ] 2025-01-30 00:36:59.136 CapabilitiesManager:51 - getting capabilities
[Android_Pixel_8_API_35 INFO ] 2025-01-30 00:36:59.162 CapabilitiesManager:74 - App Url is C:\Users\shawo\MobileAutomation\AppiumCucumberFramework\src\test\resources\app\Android.SauceLabs.Mobile.Sample.app.2.7.1.apk
[Android_Pixel_8_API_35 FATAL] 2025-01-30 00:36:59.558 CapabilitiesManager:110 - Failed to load capabilities. ABORT!!org.openqa.selenium.SessionNotCreatedException: Could not start a new session. Possible causes are invalid address of the remote server or browser start-up failure. 
Host info: host: 'SHAWON', ip: '192.168.0.231'
Build info: version: '4.28.1', revision: '73f5ad48a2'
System info: os.name: 'Windows 11', os.arch: 'amd64', os.version: '10.0', java.version: '21.0.5'
Driver info: io.appium.java_client.android.AndroidDriver
Command: [null, newSession {capabilities=[Capabilities {appium:app: C:\Users\shawo\MobileAutoma..., appium:appActivity: com.swaglabsmobileapp.Splas..., appium:appPackage: com.swaglabsmobileapp, appium:automationName: UiAutomator2, appium:avd: Pixel_8_API_35, appium:avdLaunchTimeout: 260000, appium:chromedriverPort: 11000, appium:deviceName: Pixel_8_API_35, appium:newCommandTimeout: 260, appium:systemPort: 10000, appium:udid: emulator-5554, platformName: ANDROID}]}]
Capabilities {appium:app: C:\Users\shawo\MobileAutoma..., appium:appActivity: com.swaglabsmobileapp.Splas..., appium:appPackage: com.swaglabsmobileapp, appium:automationName: UiAutomator2, appium:avd: Pixel_8_API_35, appium:avdLaunchTimeout: 260000, appium:chromedriverPort: 11000, appium:deviceName: Pixel_8_API_35, appium:newCommandTimeout: 260, appium:systemPort: 10000, appium:udid: emulator-5554, platformName: ANDROID}
[Android_Pixel_8_API_35 INFO ] 2025-01-30 00:38:09.287 ServerManager:20 - starting appium server
[Android_Pixel_8_API_35 INFO ] 2025-01-30 00:38:11.459 ServerManager:29 - Appium server started
[Android_Pixel_8_API_35 INFO ] 2025-01-30 00:38:16.478 DriverManager:48 - Initializing appium driver
[Android_Pixel_8_API_35 INFO ] 2025-01-30 00:38:16.497 PropertyManager:26 - loading config properties
[Android_Pixel_8_API_35 INFO ] 2025-01-30 00:38:16.498 CapabilitiesManager:45 - APPIUM URL: http://0.0.0.0:4723
[Android_Pixel_8_API_35 INFO ] 2025-01-30 00:38:16.499 CapabilitiesManager:51 - getting capabilities
[Android_Pixel_8_API_35 INFO ] 2025-01-30 00:38:16.521 CapabilitiesManager:74 - App Url is C:\Users\shawo\MobileAutomation\AppiumCucumberFramework\src\test\resources\app\Android.SauceLabs.Mobile.Sample.app.2.7.1.apk
[Android_Pixel_8_API_35 INFO ] 2025-01-30 00:39:35.492 CapabilitiesManager:81 - Session Id is bcce3c51-6bac-40fd-83c1-8dee25ffffdf
[Android_Pixel_8_API_35 INFO ] 2025-01-30 00:39:35.504 DriverManager:53 - Driver is initialized
[Android_Pixel_8_API_35 INFO ] 2025-01-30 00:39:44.788 BasePage:83 - login with invalidUsername
[Android_Pixel_8_API_35 INFO ] 2025-01-30 00:39:48.065 BasePage:83 - password is secret_sauce
[Android_Pixel_8_API_35 INFO ] 2025-01-30 00:39:49.354 BasePage:66 - press login button
[Android_Pixel_8_API_35 INFO ] 2025-01-30 00:39:55.776 BasePage:109 - error text is - Username and password do not match any user in this service.
[Android_Pixel_8_API_35 INFO ] 2025-01-30 00:39:58.940 VideoManager:43 - video path: Android_Pixel_8_API_35\Videos\Login with invalid username.mp4
[Android_Pixel_8_API_35 INFO ] 2025-01-30 00:40:00.800 BasePage:83 - login with standard_user
[Android_Pixel_8_API_35 INFO ] 2025-01-30 00:40:02.671 BasePage:83 - password is wrong_Password
[Android_Pixel_8_API_35 INFO ] 2025-01-30 00:40:03.785 BasePage:66 - press login button
[Android_Pixel_8_API_35 INFO ] 2025-01-30 00:40:05.364 BasePage:109 - error text is - Username and password do not match any user in this service.
[Android_Pixel_8_API_35 INFO ] 2025-01-30 00:40:07.905 VideoManager:43 - video path: Android_Pixel_8_API_35\Videos\Login with invalid password.mp4
[Android_Pixel_8_API_35 INFO ] 2025-01-30 00:40:12.074 BasePage:83 - login with invalidUsername
[Android_Pixel_8_API_35 INFO ] 2025-01-30 00:40:14.666 BasePage:83 - password is wrong_Password
[Android_Pixel_8_API_35 INFO ] 2025-01-30 00:40:15.784 BasePage:66 - press login button
[Android_Pixel_8_API_35 INFO ] 2025-01-30 00:40:17.323 BasePage:109 - error text is - Username and password do not match any user in this service.
[Android_Pixel_8_API_35 INFO ] 2025-01-30 00:40:19.146 VideoManager:43 - video path: Android_Pixel_8_API_35\Videos\Login with invalid username and password.mp4
[Android_Pixel_8_API_35 INFO ] 2025-01-30 00:40:21.197 BasePage:83 - login with standard_user
[Android_Pixel_8_API_35 INFO ] 2025-01-30 00:40:22.935 BasePage:83 - password is secret_sauce
[Android_Pixel_8_API_35 INFO ] 2025-01-30 00:40:24.066 BasePage:66 - press login button
[Android_Pixel_8_API_35 INFO ] 2025-01-30 00:40:28.127 BasePage:109 - product page title is - PRODUCTS
[Android_Pixel_8_API_35 INFO ] 2025-01-30 00:40:30.052 VideoManager:43 - video path: Android_Pixel_8_API_35\Videos\Login with valid username and password.mp4
[Android_Pixel_8_API_35 INFO ] 2025-01-30 00:40:30.148 DriverManager:80 - Quitting Appium driver for current thread
[Android_Pixel_8_API_35 INFO ] 2025-01-30 00:40:31.874 DriverManager:87 - Appium driver removed from ThreadLocal.
[Android_Pixel_8_API_35 INFO ] 2025-01-30 00:57:38.406 ServerManager:20 - starting appium server
[Android_Pixel_8_API_35 INFO ] 2025-01-30 00:57:44.523 ServerManager:29 - Appium server started
[Android_Pixel_8_API_35 INFO ] 2025-01-30 00:57:44.526 DriverManager:48 - Initializing appium driver
[Android_Pixel_8_API_35 INFO ] 2025-01-30 00:57:44.548 PropertyManager:26 - loading config properties
[Android_Pixel_8_API_35 INFO ] 2025-01-30 00:57:44.550 CapabilitiesManager:45 - APPIUM URL: http://0.0.0.0:4723
[Android_Pixel_8_API_35 INFO ] 2025-01-30 00:57:44.551 CapabilitiesManager:51 - getting capabilities
[Android_Pixel_8_API_35 INFO ] 2025-01-30 00:57:44.579 CapabilitiesManager:74 - App Url is C:\Users\shawo\MobileAutomation\AppiumCucumberFramework\src\test\resources\app\Android.SauceLabs.Mobile.Sample.app.2.7.1.apk
[Android_Pixel_8_API_35 INFO ] 2025-01-30 00:58:09.642 CapabilitiesManager:81 - Session Id is 876e9726-f9e5-40da-a6bb-d9d891f85c7c
[Android_Pixel_8_API_35 INFO ] 2025-01-30 00:58:09.643 DriverManager:53 - Driver is initialized
[Android_Pixel_8_API_35 INFO ] 2025-01-30 00:58:14.259 BasePage:83 - login with invalidUsername
[Android_Pixel_8_API_35 INFO ] 2025-01-30 00:58:16.446 BasePage:83 - password is secret_sauce
[Android_Pixel_8_API_35 INFO ] 2025-01-30 00:58:17.544 BasePage:66 - press login button
[Android_Pixel_8_API_35 INFO ] 2025-01-30 00:58:20.578 BasePage:109 - error text is - Username and password do not match any user in this service.
[Android_Pixel_8_API_35 INFO ] 2025-01-30 00:58:23.141 VideoManager:43 - video path: Android_Pixel_8_API_35\Videos\Login with invalid username.mp4
[Android_Pixel_8_API_35 INFO ] 2025-01-30 00:58:24.750 BasePage:83 - login with standard_user
[Android_Pixel_8_API_35 INFO ] 2025-01-30 00:58:26.410 BasePage:83 - password is wrong_Password
[Android_Pixel_8_API_35 INFO ] 2025-01-30 00:58:27.496 BasePage:66 - press login button
[Android_Pixel_8_API_35 INFO ] 2025-01-30 00:58:28.271 BasePage:109 - error text is - Username and password do not match any user in this service.
[Android_Pixel_8_API_35 INFO ] 2025-01-30 00:58:29.319 VideoManager:43 - video path: Android_Pixel_8_API_35\Videos\Login with invalid password.mp4
[Android_Pixel_8_API_35 INFO ] 2025-01-30 00:58:30.766 BasePage:83 - login with invalidUsername
[Android_Pixel_8_API_35 INFO ] 2025-01-30 00:58:32.449 BasePage:83 - password is wrong_Password
[Android_Pixel_8_API_35 INFO ] 2025-01-30 00:58:33.541 BasePage:66 - press login button
[Android_Pixel_8_API_35 INFO ] 2025-01-30 00:58:34.393 BasePage:109 - error text is - Username and password do not match any user in this service.
[Android_Pixel_8_API_35 INFO ] 2025-01-30 00:58:35.408 VideoManager:43 - video path: Android_Pixel_8_API_35\Videos\Login with invalid username and password.mp4
[Android_Pixel_8_API_35 INFO ] 2025-01-30 00:58:36.783 BasePage:83 - login with standard_user
[Android_Pixel_8_API_35 INFO ] 2025-01-30 00:58:38.439 BasePage:83 - password is secret_sauce
[Android_Pixel_8_API_35 INFO ] 2025-01-30 00:58:39.529 BasePage:66 - press login button
[Android_Pixel_8_API_35 INFO ] 2025-01-30 00:58:41.906 DriverManager:80 - Quitting Appium driver for current thread
[Android_Pixel_8_API_35 ERROR] 2025-01-30 00:58:42.108 DriverManager:84 - Error while quitting Appium driver: An unknown server-side error occurred while processing the command. Original error: Error executing adbExec. Original error: 'Command 'C:\\Users\\shawo\\AppData\\Local\\Android\\Sdk\\platform-tools\\adb.exe -P 5037 -s emulator-5554 shell 'settings delete global hidden_api_policy_pre_p_apps;settings delete global hidden_api_policy_p_apps;settings delete global hidden_api_policy'' exited with code 1'; Command output: adb.exe: device offline

Build info: version: '4.28.1', revision: '73f5ad48a2'
System info: os.name: 'Windows 11', os.arch: 'amd64', os.version: '10.0', java.version: '21.0.5'
Driver info: io.appium.java_client.android.AndroidDriver
Command: [876e9726-f9e5-40da-a6bb-d9d891f85c7c, quit {}]
Capabilities {appium:app: C:\Users\shawo\MobileAutoma..., appium:appActivity: com.swaglabsmobileapp.Splas..., appium:appPackage: com.swaglabsmobileapp, appium:automationName: UiAutomator2, appium:avd: Pixel_8_API_35, appium:avdLaunchTimeout: 260000, appium:chromedriverPort: 11000, appium:databaseEnabled: false, appium:desired: {app: C:\Users\shawo\MobileAutoma..., appActivity: com.swaglabsmobileapp.Splas..., appPackage: com.swaglabsmobileapp, automationName: UiAutomator2, avd: Pixel_8_API_35, avdLaunchTimeout: 260000, chromedriverPort: 11000, deviceName: Pixel_8_API_35, newCommandTimeout: 260, platformName: ANDROID, systemPort: 10000, udid: emulator-5554}, appium:deviceApiLevel: 35, appium:deviceManufacturer: Google, appium:deviceModel: sdk_gphone64_x86_64, appium:deviceName: emulator-5554, appium:deviceScreenDensity: 420, appium:deviceScreenSize: 1080x2400, appium:deviceUDID: emulator-5554, appium:javascriptEnabled: true, appium:locationContextEnabled: false, appium:networkConnectionEnabled: true, appium:newCommandTimeout: 260, appium:pixelRatio: 2.625, appium:platformVersion: 15, appium:statBarHeight: 132, appium:systemPort: 10000, appium:takesScreenshot: true, appium:udid: emulator-5554, appium:viewportRect: {height: 2268, left: 0, top: 132, width: 1080}, appium:warnings: {}, appium:webStorageEnabled: false, platformName: ANDROID}
Session ID: 876e9726-f9e5-40da-a6bb-d9d891f85c7c
org.openqa.selenium.WebDriverException: An unknown server-side error occurred while processing the command. Original error: Error executing adbExec. Original error: 'Command 'C:\\Users\\shawo\\AppData\\Local\\Android\\Sdk\\platform-tools\\adb.exe -P 5037 -s emulator-5554 shell 'settings delete global hidden_api_policy_pre_p_apps;settings delete global hidden_api_policy_p_apps;settings delete global hidden_api_policy'' exited with code 1'; Command output: adb.exe: device offline

Build info: version: '4.28.1', revision: '73f5ad48a2'
System info: os.name: 'Windows 11', os.arch: 'amd64', os.version: '10.0', java.version: '21.0.5'
Driver info: io.appium.java_client.android.AndroidDriver
Command: [876e9726-f9e5-40da-a6bb-d9d891f85c7c, quit {}]
Capabilities {appium:app: C:\Users\shawo\MobileAutoma..., appium:appActivity: com.swaglabsmobileapp.Splas..., appium:appPackage: com.swaglabsmobileapp, appium:automationName: UiAutomator2, appium:avd: Pixel_8_API_35, appium:avdLaunchTimeout: 260000, appium:chromedriverPort: 11000, appium:databaseEnabled: false, appium:desired: {app: C:\Users\shawo\MobileAutoma..., appActivity: com.swaglabsmobileapp.Splas..., appPackage: com.swaglabsmobileapp, automationName: UiAutomator2, avd: Pixel_8_API_35, avdLaunchTimeout: 260000, chromedriverPort: 11000, deviceName: Pixel_8_API_35, newCommandTimeout: 260, platformName: ANDROID, systemPort: 10000, udid: emulator-5554}, appium:deviceApiLevel: 35, appium:deviceManufacturer: Google, appium:deviceModel: sdk_gphone64_x86_64, appium:deviceName: emulator-5554, appium:deviceScreenDensity: 420, appium:deviceScreenSize: 1080x2400, appium:deviceUDID: emulator-5554, appium:javascriptEnabled: true, appium:locationContextEnabled: false, appium:networkConnectionEnabled: true, appium:newCommandTimeout: 260, appium:pixelRatio: 2.625, appium:platformVersion: 15, appium:statBarHeight: 132, appium:systemPort: 10000, appium:takesScreenshot: true, appium:udid: emulator-5554, appium:viewportRect: {height: 2268, left: 0, top: 132, width: 1080}, appium:warnings: {}, appium:webStorageEnabled: false, platformName: ANDROID}
Session ID: 876e9726-f9e5-40da-a6bb-d9d891f85c7c
	at java.base/jdk.internal.reflect.DirectConstructorHandleAccessor.newInstance(DirectConstructorHandleAccessor.java:62) ~[?:?]
	at java.base/java.lang.reflect.Constructor.newInstanceWithCaller(Constructor.java:502) ~[?:?]
	at java.base/java.lang.reflect.Constructor.newInstance(Constructor.java:486) ~[?:?]
	at org.openqa.selenium.remote.ErrorCodec.decode(ErrorCodec.java:167) ~[selenium-remote-driver-4.28.1.jar:?]
	at org.openqa.selenium.remote.codec.w3c.W3CHttpResponseCodec.decode(W3CHttpResponseCodec.java:138) ~[selenium-remote-driver-4.28.1.jar:?]
	at org.openqa.selenium.remote.codec.w3c.W3CHttpResponseCodec.decode(W3CHttpResponseCodec.java:50) ~[selenium-remote-driver-4.28.1.jar:?]
	at org.openqa.selenium.remote.HttpCommandExecutor.execute(HttpCommandExecutor.java:215) ~[selenium-remote-driver-4.28.1.jar:?]
	at io.appium.java_client.remote.AppiumCommandExecutor.execute(AppiumCommandExecutor.java:243) ~[java-client-9.4.0.jar:?]
	at org.openqa.selenium.remote.RemoteWebDriver.execute(RemoteWebDriver.java:545) ~[selenium-remote-driver-4.28.1.jar:?]
	at org.openqa.selenium.remote.RemoteWebDriver.execute(RemoteWebDriver.java:618) ~[selenium-remote-driver-4.28.1.jar:?]
	at io.appium.java_client.AppiumDriver.execute(AppiumDriver.java:235) ~[java-client-9.4.0.jar:?]
	at org.openqa.selenium.remote.RemoteWebDriver.quit(RemoteWebDriver.java:446) ~[selenium-remote-driver-4.28.1.jar:?]
	at com.qa.utils.DriverManager.quitDriver(DriverManager.java:82) [test-classes/:?]
	at com.qa.runners.MyRunnerTest.quit(MyRunnerTest.java:110) [test-classes/:?]
	at java.base/jdk.internal.reflect.DirectMethodHandleAccessor.invoke(DirectMethodHandleAccessor.java:103) ~[?:?]
	at java.base/java.lang.reflect.Method.invoke(Method.java:580) ~[?:?]
	at org.junit.runners.model.FrameworkMethod$1.runReflectiveCall(FrameworkMethod.java:59) [junit-4.13.2.jar:4.13.2]
	at org.junit.internal.runners.model.ReflectiveCallable.run(ReflectiveCallable.java:12) [junit-4.13.2.jar:4.13.2]
	at org.junit.runners.model.FrameworkMethod.invokeExplosively(FrameworkMethod.java:56) [junit-4.13.2.jar:4.13.2]
	at org.junit.internal.runners.statements.RunAfters.invokeMethod(RunAfters.java:46) [junit-4.13.2.jar:4.13.2]
	at org.junit.internal.runners.statements.RunAfters.evaluate(RunAfters.java:33) [junit-4.13.2.jar:4.13.2]
	at org.junit.runners.ParentRunner$3.evaluate(ParentRunner.java:306) [junit-4.13.2.jar:4.13.2]
	at org.junit.runners.ParentRunner.run(ParentRunner.java:413) [junit-4.13.2.jar:4.13.2]
	at org.junit.runner.JUnitCore.run(JUnitCore.java:137) [junit-4.13.2.jar:4.13.2]
	at com.intellij.junit4.JUnit4IdeaTestRunner.startRunnerWithArgs(JUnit4IdeaTestRunner.java:69) [junit-rt.jar:?]
	at com.intellij.rt.junit.IdeaTestRunner$Repeater$1.execute(IdeaTestRunner.java:38) [junit-rt.jar:?]
	at com.intellij.rt.execution.junit.TestsRepeater.repeat(TestsRepeater.java:11) [idea_rt.jar:?]
	at com.intellij.rt.junit.IdeaTestRunner$Repeater.startRunnerWithArgs(IdeaTestRunner.java:35) [junit-rt.jar:?]
	at com.intellij.rt.junit.JUnitStarter.prepareStreamsAndStart(JUnitStarter.java:232) [junit-rt.jar:?]
	at com.intellij.rt.junit.JUnitStarter.main(JUnitStarter.java:55) [junit-rt.jar:?]
[Android_Pixel_8_API_35 INFO ] 2025-01-30 00:58:42.157 DriverManager:87 - Appium driver removed from ThreadLocal.
[Android_Pixel_8_API_35 INFO ] 2025-01-30 00:58:59.663 ServerManager:20 - starting appium server
[Android_Pixel_8_API_35 INFO ] 2025-01-30 00:59:03.024 ServerManager:29 - Appium server started
[Android_Pixel_8_API_35 INFO ] 2025-01-30 00:59:03.028 DriverManager:48 - Initializing appium driver
[Android_Pixel_8_API_35 INFO ] 2025-01-30 00:59:03.047 PropertyManager:26 - loading config properties
[Android_Pixel_8_API_35 INFO ] 2025-01-30 00:59:03.049 CapabilitiesManager:45 - APPIUM URL: http://0.0.0.0:4723
[Android_Pixel_8_API_35 INFO ] 2025-01-30 00:59:03.050 CapabilitiesManager:51 - getting capabilities
[Android_Pixel_8_API_35 INFO ] 2025-01-30 00:59:03.076 CapabilitiesManager:74 - App Url is C:\Users\shawo\MobileAutomation\AppiumCucumberFramework\src\test\resources\app\Android.SauceLabs.Mobile.Sample.app.2.7.1.apk
[Android_Pixel_8_API_35 FATAL] 2025-01-30 00:59:44.178 CapabilitiesManager:110 - Failed to load capabilities. ABORT!!org.openqa.selenium.SessionNotCreatedException: Could not start a new session. Response code 500. Message: An unknown server-side error occurred while processing the command. Original error: Cannot start the 'io.appium.settings' application. Consider checking the driver's troubleshooting documentation. Original error: Error executing adbExec. Original error: 'Command 'C:\\Users\\shawo\\AppData\\Local\\Android\\Sdk\\platform-tools\\adb.exe -P 5037 -s emulator-5554 shell am start-activity -n io.appium.settings/.Settings -a android.intent.action.MAIN -c android.intent.category.LAUNCHER' exited with code 1'; Command output: Error type 3
Error: Activity class {io.appium.settings/io.appium.settings.Settings} does not exist.
 
Host info: host: 'SHAWON', ip: '192.168.0.231'
Build info: version: '4.28.1', revision: '73f5ad48a2'
System info: os.name: 'Windows 11', os.arch: 'amd64', os.version: '10.0', java.version: '21.0.5'
Driver info: io.appium.java_client.android.AndroidDriver
Command: [null, newSession {capabilities=[Capabilities {appium:app: C:\Users\shawo\MobileAutoma..., appium:appActivity: com.swaglabsmobileapp.Splas..., appium:appPackage: com.swaglabsmobileapp, appium:automationName: UiAutomator2, appium:avd: Pixel_8_API_35, appium:avdLaunchTimeout: 260000, appium:chromedriverPort: 11000, appium:deviceName: Pixel_8_API_35, appium:newCommandTimeout: 260, appium:systemPort: 10000, appium:udid: emulator-5554, platformName: ANDROID}]}]
Capabilities {appium:app: C:\Users\shawo\MobileAutoma..., appium:appActivity: com.swaglabsmobileapp.Splas..., appium:appPackage: com.swaglabsmobileapp, appium:automationName: UiAutomator2, appium:avd: Pixel_8_API_35, appium:avdLaunchTimeout: 260000, appium:chromedriverPort: 11000, appium:deviceName: Pixel_8_API_35, appium:newCommandTimeout: 260, appium:systemPort: 10000, appium:udid: emulator-5554, platformName: ANDROID}
[Android_Pixel_8_API_35 INFO ] 2025-01-30 01:01:39.325 ServerManager:20 - starting appium server
[Android_Pixel_8_API_35 INFO ] 2025-01-30 01:01:44.931 ServerManager:29 - Appium server started
[Android_Pixel_8_API_35 INFO ] 2025-01-30 01:01:44.934 DriverManager:48 - Initializing appium driver
[Android_Pixel_8_API_35 INFO ] 2025-01-30 01:01:44.974 PropertyManager:26 - loading config properties
[Android_Pixel_8_API_35 INFO ] 2025-01-30 01:01:44.976 CapabilitiesManager:45 - APPIUM URL: http://0.0.0.0:4723
[Android_Pixel_8_API_35 INFO ] 2025-01-30 01:01:44.979 CapabilitiesManager:51 - getting capabilities
[Android_Pixel_8_API_35 INFO ] 2025-01-30 01:01:45.036 CapabilitiesManager:74 - App Url is C:\Users\shawo\MobileAutomation\AppiumCucumberFramework\src\test\resources\app\Android.SauceLabs.Mobile.Sample.app.2.7.1.apk
[Android_Pixel_8_API_35 INFO ] 2025-01-30 01:02:16.815 CapabilitiesManager:81 - Session Id is 932bac71-fa11-444a-8a45-e40fcefa6ec1
[Android_Pixel_8_API_35 INFO ] 2025-01-30 01:02:16.821 DriverManager:53 - Driver is initialized
[Android_Pixel_8_API_35 INFO ] 2025-01-30 01:02:25.171 BasePage:83 - login with invalidUsername
[Android_Pixel_8_API_35 INFO ] 2025-01-30 01:02:27.383 BasePage:83 - password is secret_sauce
[Android_Pixel_8_API_35 INFO ] 2025-01-30 01:02:28.618 BasePage:66 - press login button
[Android_Pixel_8_API_35 INFO ] 2025-01-30 01:02:35.790 BasePage:109 - error text is - Username and password do not match any user in this service.
[Android_Pixel_8_API_35 INFO ] 2025-01-30 01:02:39.096 VideoManager:43 - video path: Android_Pixel_8_API_35\Videos\Login with invalid username.mp4
[Android_Pixel_8_API_35 INFO ] 2025-01-30 01:02:41.231 BasePage:83 - login with standard_user
[Android_Pixel_8_API_35 INFO ] 2025-01-30 01:02:42.901 BasePage:83 - password is wrong_Password
[Android_Pixel_8_API_35 INFO ] 2025-01-30 01:02:44.047 BasePage:66 - press login button
[Android_Pixel_8_API_35 INFO ] 2025-01-30 01:02:45.874 BasePage:109 - error text is - Username and password do not match any user in this service.
[Android_Pixel_8_API_35 INFO ] 2025-01-30 01:02:47.371 VideoManager:43 - video path: Android_Pixel_8_API_35\Videos\Login with invalid password.mp4
[Android_Pixel_8_API_35 INFO ] 2025-01-30 01:02:49.024 BasePage:83 - login with invalidUsername
[Android_Pixel_8_API_35 INFO ] 2025-01-30 01:02:50.231 BasePage:83 - password is wrong_Password
[Android_Pixel_8_API_35 INFO ] 2025-01-30 01:02:51.347 BasePage:66 - press login button
[Android_Pixel_8_API_35 INFO ] 2025-01-30 01:02:53.009 BasePage:109 - error text is - Username and password do not match any user in this service.
[Android_Pixel_8_API_35 INFO ] 2025-01-30 01:02:54.393 VideoManager:43 - video path: Android_Pixel_8_API_35\Videos\Login with invalid username and password.mp4
[Android_Pixel_8_API_35 INFO ] 2025-01-30 01:02:57.942 BasePage:83 - login with standard_user
[Android_Pixel_8_API_35 INFO ] 2025-01-30 01:02:59.758 BasePage:83 - password is secret_sauce
[Android_Pixel_8_API_35 INFO ] 2025-01-30 01:03:01.036 BasePage:66 - press login button
[Android_Pixel_8_API_35 INFO ] 2025-01-30 01:03:16.431 VideoManager:43 - video path: Android_Pixel_8_API_35\Videos\Login with valid username and password.mp4
[Android_Pixel_8_API_35 INFO ] 2025-01-30 01:03:16.562 DriverManager:80 - Quitting Appium driver for current thread
[Android_Pixel_8_API_35 INFO ] 2025-01-30 01:03:17.387 DriverManager:87 - Appium driver removed from ThreadLocal.
[Android_Pixel_8_API_35 INFO ] 2025-01-30 01:03:50.341 ServerManager:20 - starting appium server
[Android_Pixel_8_API_35 INFO ] 2025-01-30 01:03:54.631 ServerManager:29 - Appium server started
[Android_Pixel_8_API_35 INFO ] 2025-01-30 01:03:54.636 DriverManager:48 - Initializing appium driver
[Android_Pixel_8_API_35 INFO ] 2025-01-30 01:03:54.673 PropertyManager:26 - loading config properties
[Android_Pixel_8_API_35 INFO ] 2025-01-30 01:03:54.675 CapabilitiesManager:45 - APPIUM URL: http://0.0.0.0:4723
[Android_Pixel_8_API_35 INFO ] 2025-01-30 01:03:54.676 CapabilitiesManager:51 - getting capabilities
[Android_Pixel_8_API_35 INFO ] 2025-01-30 01:03:54.712 CapabilitiesManager:74 - App Url is C:\Users\shawo\MobileAutomation\AppiumCucumberFramework\src\test\resources\app\Android.SauceLabs.Mobile.Sample.app.2.7.1.apk
[Android_Pixel_8_API_35 INFO ] 2025-01-30 01:04:12.475 CapabilitiesManager:81 - Session Id is 409999ef-b38c-47af-a687-1c9e117a1ac1
[Android_Pixel_8_API_35 INFO ] 2025-01-30 01:04:12.478 DriverManager:53 - Driver is initialized
[Android_Pixel_8_API_35 INFO ] 2025-01-30 01:04:17.296 BasePage:83 - login with invalidUsername
[Android_Pixel_8_API_35 INFO ] 2025-01-30 01:04:19.524 BasePage:83 - password is secret_sauce
[Android_Pixel_8_API_35 INFO ] 2025-01-30 01:04:20.256 BasePage:66 - press login button
[Android_Pixel_8_API_35 INFO ] 2025-01-30 01:04:25.082 BasePage:109 - error text is - Username and password do not match any user in this service.
[Android_Pixel_8_API_35 INFO ] 2025-01-30 01:04:27.963 VideoManager:43 - video path: Android_Pixel_8_API_35\Videos\Login with invalid username.mp4
[Android_Pixel_8_API_35 INFO ] 2025-01-30 01:04:29.523 BasePage:83 - login with standard_user
[Android_Pixel_8_API_35 INFO ] 2025-01-30 01:04:31.220 BasePage:83 - password is wrong_Password
[Android_Pixel_8_API_35 INFO ] 2025-01-30 01:04:32.328 BasePage:66 - press login button
[Android_Pixel_8_API_35 INFO ] 2025-01-30 01:04:34.107 BasePage:109 - error text is - Username and password do not match any user in this service.
[Android_Pixel_8_API_35 INFO ] 2025-01-30 01:04:35.818 VideoManager:43 - video path: Android_Pixel_8_API_35\Videos\Login with invalid password.mp4
[Android_Pixel_8_API_35 INFO ] 2025-01-30 01:04:38.108 BasePage:83 - login with invalidUsername
[Android_Pixel_8_API_35 INFO ] 2025-01-30 01:04:40.525 BasePage:83 - password is wrong_Password
[Android_Pixel_8_API_35 INFO ] 2025-01-30 01:04:41.877 BasePage:66 - press login button
[Android_Pixel_8_API_35 INFO ] 2025-01-30 01:04:44.304 BasePage:109 - error text is - Username and password do not match any user in this service.
[Android_Pixel_8_API_35 INFO ] 2025-01-30 01:04:46.360 VideoManager:43 - video path: Android_Pixel_8_API_35\Videos\Login with invalid username and password.mp4
[Android_Pixel_8_API_35 INFO ] 2025-01-30 01:04:48.913 BasePage:83 - login with standard_user
[Android_Pixel_8_API_35 INFO ] 2025-01-30 01:04:51.238 BasePage:83 - password is secret_sauce
[Android_Pixel_8_API_35 INFO ] 2025-01-30 01:04:52.432 BasePage:66 - press login button
[Android_Pixel_8_API_35 INFO ] 2025-01-30 01:04:57.192 BasePage:109 - product page title is - PRODUCTS
[Android_Pixel_8_API_35 INFO ] 2025-01-30 01:04:58.972 VideoManager:43 - video path: Android_Pixel_8_API_35\Videos\Login with valid username and password.mp4
[Android_Pixel_8_API_35 INFO ] 2025-01-30 01:04:59.137 DriverManager:80 - Quitting Appium driver for current thread
[Android_Pixel_8_API_35 INFO ] 2025-01-30 01:05:00.750 DriverManager:87 - Appium driver removed from ThreadLocal.
[Android_Pixel_8_API_35 INFO ] 2025-01-30 01:09:17.977 ServerManager:20 - starting appium server
[Android_Pixel_8_API_35 INFO ] 2025-01-30 01:09:21.819 ServerManager:29 - Appium server started
[Android_Pixel_8_API_35 INFO ] 2025-01-30 01:09:21.822 DriverManager:48 - Initializing appium driver
[Android_Pixel_8_API_35 INFO ] 2025-01-30 01:09:21.843 PropertyManager:26 - loading config properties
[Android_Pixel_8_API_35 INFO ] 2025-01-30 01:09:21.845 CapabilitiesManager:45 - APPIUM URL: http://0.0.0.0:4723
[Android_Pixel_8_API_35 INFO ] 2025-01-30 01:09:21.846 CapabilitiesManager:51 - getting capabilities
[Android_Pixel_8_API_35 INFO ] 2025-01-30 01:09:21.870 CapabilitiesManager:74 - App Url is C:\Users\shawo\MobileAutomation\AppiumCucumberFramework\src\test\resources\app\Android.SauceLabs.Mobile.Sample.app.2.7.1.apk
[Android_Pixel_8_API_35 FATAL] 2025-01-30 01:09:22.266 CapabilitiesManager:110 - Failed to load capabilities. ABORT!!org.openqa.selenium.SessionNotCreatedException: Could not start a new session. Possible causes are invalid address of the remote server or browser start-up failure. 
Host info: host: 'SHAWON', ip: '192.168.0.231'
Build info: version: '4.28.1', revision: '73f5ad48a2'
System info: os.name: 'Windows 11', os.arch: 'amd64', os.version: '10.0', java.version: '21.0.5'
Driver info: io.appium.java_client.android.AndroidDriver
Command: [null, newSession {capabilities=[Capabilities {appium:app: C:\Users\shawo\MobileAutoma..., appium:appActivity: com.swaglabsmobileapp.Splas..., appium:appPackage: com.swaglabsmobileapp, appium:automationName: UiAutomator2, appium:avd: Pixel_8_API_35, appium:avdLaunchTimeout: 260000, appium:chromedriverPort: 11000, appium:deviceName: Pixel_8_API_35, appium:newCommandTimeout: 260, appium:systemPort: 10000, appium:udid: emulator-5554, platformName: ANDROID}]}]
Capabilities {appium:app: C:\Users\shawo\MobileAutoma..., appium:appActivity: com.swaglabsmobileapp.Splas..., appium:appPackage: com.swaglabsmobileapp, appium:automationName: UiAutomator2, appium:avd: Pixel_8_API_35, appium:avdLaunchTimeout: 260000, appium:chromedriverPort: 11000, appium:deviceName: Pixel_8_API_35, appium:newCommandTimeout: 260, appium:systemPort: 10000, appium:udid: emulator-5554, platformName: ANDROID}
[Android_Pixel_8_API_35 INFO ] 2025-01-30 01:09:34.909 ServerManager:20 - starting appium server
[Android_Pixel_8_API_35 INFO ] 2025-01-30 01:09:36.971 ServerManager:29 - Appium server started
[Android_Pixel_8_API_35 INFO ] 2025-01-30 01:09:36.975 DriverManager:48 - Initializing appium driver
[Android_Pixel_8_API_35 INFO ] 2025-01-30 01:09:36.992 PropertyManager:26 - loading config properties
[Android_Pixel_8_API_35 INFO ] 2025-01-30 01:09:36.994 CapabilitiesManager:45 - APPIUM URL: http://0.0.0.0:4723
[Android_Pixel_8_API_35 INFO ] 2025-01-30 01:09:36.994 CapabilitiesManager:51 - getting capabilities
[Android_Pixel_8_API_35 INFO ] 2025-01-30 01:09:37.017 CapabilitiesManager:74 - App Url is C:\Users\shawo\MobileAutomation\AppiumCucumberFramework\src\test\resources\app\Android.SauceLabs.Mobile.Sample.app.2.7.1.apk
[Android_Pixel_8_API_35 FATAL] 2025-01-30 01:09:37.298 CapabilitiesManager:110 - Failed to load capabilities. ABORT!!org.openqa.selenium.SessionNotCreatedException: Could not start a new session. Possible causes are invalid address of the remote server or browser start-up failure. 
Host info: host: 'SHAWON', ip: '192.168.0.231'
Build info: version: '4.28.1', revision: '73f5ad48a2'
System info: os.name: 'Windows 11', os.arch: 'amd64', os.version: '10.0', java.version: '21.0.5'
Driver info: io.appium.java_client.android.AndroidDriver
Command: [null, newSession {capabilities=[Capabilities {appium:app: C:\Users\shawo\MobileAutoma..., appium:appActivity: com.swaglabsmobileapp.Splas..., appium:appPackage: com.swaglabsmobileapp, appium:automationName: UiAutomator2, appium:avd: Pixel_8_API_35, appium:avdLaunchTimeout: 260000, appium:chromedriverPort: 11000, appium:deviceName: Pixel_8_API_35, appium:newCommandTimeout: 260, appium:systemPort: 10000, appium:udid: emulator-5554, platformName: ANDROID}]}]
Capabilities {appium:app: C:\Users\shawo\MobileAutoma..., appium:appActivity: com.swaglabsmobileapp.Splas..., appium:appPackage: com.swaglabsmobileapp, appium:automationName: UiAutomator2, appium:avd: Pixel_8_API_35, appium:avdLaunchTimeout: 260000, appium:chromedriverPort: 11000, appium:deviceName: Pixel_8_API_35, appium:newCommandTimeout: 260, appium:systemPort: 10000, appium:udid: emulator-5554, platformName: ANDROID}
[Android_Pixel_8_API_35 INFO ] 2025-01-30 02:04:47.985 ServerManager:20 - starting appium server
[Android_Pixel_8_API_35 INFO ] 2025-01-30 02:04:49.762 ServerManager:29 - Appium server started
[Android_Pixel_8_API_35 INFO ] 2025-01-30 02:04:49.762 DriverManager:48 - Initializing appium driver
[Android_Pixel_8_API_35 INFO ] 2025-01-30 02:04:49.778 PropertyManager:26 - loading config properties
[Android_Pixel_8_API_35 INFO ] 2025-01-30 02:04:49.778 CapabilitiesManager:45 - APPIUM URL: http://0.0.0.0:4723
[Android_Pixel_8_API_35 INFO ] 2025-01-30 02:04:49.778 CapabilitiesManager:51 - getting capabilities
[Android_Pixel_8_API_35 INFO ] 2025-01-30 02:04:49.807 CapabilitiesManager:74 - App Url is C:\Users\shawo\MobileAutomation\AppiumCucumberFramework\src\test\resources\app\Android.SauceLabs.Mobile.Sample.app.2.7.1.apk
[Android_Pixel_8_API_35 FATAL] 2025-01-30 02:04:50.159 CapabilitiesManager:110 - Failed to load capabilities. ABORT!!org.openqa.selenium.SessionNotCreatedException: Could not start a new session. Possible causes are invalid address of the remote server or browser start-up failure. 
Host info: host: 'SHAWON', ip: '192.168.0.231'
Build info: version: '4.28.1', revision: '73f5ad48a2'
System info: os.name: 'Windows 11', os.arch: 'amd64', os.version: '10.0', java.version: '21.0.5'
Driver info: io.appium.java_client.android.AndroidDriver
Command: [null, newSession {capabilities=[Capabilities {appium:app: C:\Users\shawo\MobileAutoma..., appium:appActivity: com.swaglabsmobileapp.Splas..., appium:appPackage: com.swaglabsmobileapp, appium:automationName: UiAutomator2, appium:avd: Pixel_8_API_35, appium:avdLaunchTimeout: 260000, appium:chromedriverPort: 11000, appium:deviceName: Pixel_8_API_35, appium:newCommandTimeout: 260, appium:systemPort: 10000, appium:udid: emulator-5554, platformName: ANDROID}]}]
Capabilities {appium:app: C:\Users\shawo\MobileAutoma..., appium:appActivity: com.swaglabsmobileapp.Splas..., appium:appPackage: com.swaglabsmobileapp, appium:automationName: UiAutomator2, appium:avd: Pixel_8_API_35, appium:avdLaunchTimeout: 260000, appium:chromedriverPort: 11000, appium:deviceName: Pixel_8_API_35, appium:newCommandTimeout: 260, appium:systemPort: 10000, appium:udid: emulator-5554, platformName: ANDROID}
[Android_Pixel_8_API_35 INFO ] 2025-01-30 02:04:55.291 ServerManager:20 - starting appium server
[Android_Pixel_8_API_35 INFO ] 2025-01-30 02:04:57.048 ServerManager:29 - Appium server started
[Android_Pixel_8_API_35 INFO ] 2025-01-30 02:04:57.048 DriverManager:48 - Initializing appium driver
[Android_Pixel_8_API_35 INFO ] 2025-01-30 02:04:57.062 PropertyManager:26 - loading config properties
[Android_Pixel_8_API_35 INFO ] 2025-01-30 02:04:57.062 CapabilitiesManager:45 - APPIUM URL: http://0.0.0.0:4723
[Android_Pixel_8_API_35 INFO ] 2025-01-30 02:04:57.062 CapabilitiesManager:51 - getting capabilities
[Android_Pixel_8_API_35 INFO ] 2025-01-30 02:04:57.081 CapabilitiesManager:74 - App Url is C:\Users\shawo\MobileAutomation\AppiumCucumberFramework\src\test\resources\app\Android.SauceLabs.Mobile.Sample.app.2.7.1.apk
[Android_Pixel_8_API_35 FATAL] 2025-01-30 02:04:57.347 CapabilitiesManager:110 - Failed to load capabilities. ABORT!!org.openqa.selenium.SessionNotCreatedException: Could not start a new session. Possible causes are invalid address of the remote server or browser start-up failure. 
Host info: host: 'SHAWON', ip: '192.168.0.231'
Build info: version: '4.28.1', revision: '73f5ad48a2'
System info: os.name: 'Windows 11', os.arch: 'amd64', os.version: '10.0', java.version: '21.0.5'
Driver info: io.appium.java_client.android.AndroidDriver
Command: [null, newSession {capabilities=[Capabilities {appium:app: C:\Users\shawo\MobileAutoma..., appium:appActivity: com.swaglabsmobileapp.Splas..., appium:appPackage: com.swaglabsmobileapp, appium:automationName: UiAutomator2, appium:avd: Pixel_8_API_35, appium:avdLaunchTimeout: 260000, appium:chromedriverPort: 11000, appium:deviceName: Pixel_8_API_35, appium:newCommandTimeout: 260, appium:systemPort: 10000, appium:udid: emulator-5554, platformName: ANDROID}]}]
Capabilities {appium:app: C:\Users\shawo\MobileAutoma..., appium:appActivity: com.swaglabsmobileapp.Splas..., appium:appPackage: com.swaglabsmobileapp, appium:automationName: UiAutomator2, appium:avd: Pixel_8_API_35, appium:avdLaunchTimeout: 260000, appium:chromedriverPort: 11000, appium:deviceName: Pixel_8_API_35, appium:newCommandTimeout: 260, appium:systemPort: 10000, appium:udid: emulator-5554, platformName: ANDROID}
[Android_Pixel_8_API_35 INFO ] 2025-01-30 02:06:42.474 ServerManager:20 - starting appium server
[Android_Pixel_8_API_35 INFO ] 2025-01-30 02:06:44.221 ServerManager:29 - Appium server started
[Android_Pixel_8_API_35 INFO ] 2025-01-30 02:06:44.221 DriverManager:48 - Initializing appium driver
[Android_Pixel_8_API_35 INFO ] 2025-01-30 02:06:44.234 PropertyManager:26 - loading config properties
[Android_Pixel_8_API_35 INFO ] 2025-01-30 02:06:44.236 CapabilitiesManager:45 - APPIUM URL: http://0.0.0.0:4723
[Android_Pixel_8_API_35 INFO ] 2025-01-30 02:06:44.236 CapabilitiesManager:51 - getting capabilities
[Android_Pixel_8_API_35 INFO ] 2025-01-30 02:06:44.250 CapabilitiesManager:74 - App Url is C:\Users\shawo\MobileAutomation\AppiumCucumberFramework\src\test\resources\app\Android.SauceLabs.Mobile.Sample.app.2.7.1.apk
[Android_Pixel_8_API_35 INFO ] 2025-01-30 02:07:47.231 CapabilitiesManager:81 - Session Id is bd319a88-0093-44b2-ad1f-8ada4a6b84b8
[Android_Pixel_8_API_35 INFO ] 2025-01-30 02:07:47.241 DriverManager:53 - Driver is initialized
[Android_Pixel_8_API_35 INFO ] 2025-01-30 02:07:53.534 BasePage:83 - login with invalidUsername
[Android_Pixel_8_API_35 INFO ] 2025-01-30 02:07:55.362 BasePage:83 - password is secret_sauce
[Android_Pixel_8_API_35 INFO ] 2025-01-30 02:07:56.513 BasePage:66 - press login button
[Android_Pixel_8_API_35 INFO ] 2025-01-30 02:08:03.781 BasePage:109 - error text is - Username and password do not match any user in this service.
[Android_Pixel_8_API_35 INFO ] 2025-01-30 02:08:09.608 VideoManager:43 - video path: Android_Pixel_8_API_35\Videos\Login with invalid username.mp4
[Android_Pixel_8_API_35 INFO ] 2025-01-30 02:08:11.417 BasePage:83 - login with standard_user
[Android_Pixel_8_API_35 INFO ] 2025-01-30 02:08:13.241 BasePage:83 - password is wrong_Password
[Android_Pixel_8_API_35 INFO ] 2025-01-30 02:08:14.410 BasePage:66 - press login button
[Android_Pixel_8_API_35 INFO ] 2025-01-30 02:08:15.910 BasePage:109 - error text is - Username and password do not match any user in this service.
[Android_Pixel_8_API_35 INFO ] 2025-01-30 02:08:21.179 VideoManager:43 - video path: Android_Pixel_8_API_35\Videos\Login with invalid password.mp4
[Android_Pixel_8_API_35 INFO ] 2025-01-30 02:08:23.178 BasePage:83 - login with invalidUsername
[Android_Pixel_8_API_35 INFO ] 2025-01-30 02:08:25.745 BasePage:83 - password is wrong_Password
[Android_Pixel_8_API_35 INFO ] 2025-01-30 02:08:26.846 BasePage:66 - press login button
[Android_Pixel_8_API_35 INFO ] 2025-01-30 02:08:28.005 BasePage:109 - error text is - Username and password do not match any user in this service.
[Android_Pixel_8_API_35 INFO ] 2025-01-30 02:08:28.905 VideoManager:43 - video path: Android_Pixel_8_API_35\Videos\Login with invalid username and password.mp4
[Android_Pixel_8_API_35 INFO ] 2025-01-30 02:08:30.562 BasePage:83 - login with standard_user
[Android_Pixel_8_API_35 INFO ] 2025-01-30 02:08:32.246 BasePage:83 - password is secret_sauce
[Android_Pixel_8_API_35 INFO ] 2025-01-30 02:08:33.368 BasePage:66 - press login button
[Android_Pixel_8_API_35 INFO ] 2025-01-30 02:08:35.433 BasePage:109 - product page title is - PRODUCTS
[Android_Pixel_8_API_35 INFO ] 2025-01-30 02:08:36.591 VideoManager:43 - video path: Android_Pixel_8_API_35\Videos\Login with valid username and password.mp4
[Android_Pixel_8_API_35 INFO ] 2025-01-30 02:08:37.671 DriverManager:80 - Quitting Appium driver for current thread
[Android_Pixel_8_API_35 INFO ] 2025-01-30 02:08:38.273 DriverManager:87 - Appium driver removed from ThreadLocal.
